Note: Google Test filter = Encryptor*
[==========] Running 162 tests from 1 test suite.
[----------] Global test environment set-up.
[----------] 162 tests from EncryptorTest
[ RUN      ] EncryptorTest.t0
unknown file: Failure
C++ exception with description "encryption parameters are not set correctly" thrown in the test body.
[  FAILED  ] EncryptorTest.t0 (0 ms)
[ RUN      ] EncryptorTest.t1
unknown file: Failure
C++ exception with description "encryption parameters are not set correctly" thrown in the test body.
[  FAILED  ] EncryptorTest.t1 (0 ms)
[ RUN      ] EncryptorTest.t2
unknown file: Failure
C++ exception with description "encryption parameters are not set correctly" thrown in the test body.
[  FAILED  ] EncryptorTest.t2 (0 ms)
[ RUN      ] EncryptorTest.t3
unknown file: Failure
C++ exception with description "encryption parameters are not set correctly" thrown in the test body.
[  FAILED  ] EncryptorTest.t3 (1 ms)
[ RUN      ] EncryptorTest.t4
unknown file: Failure
C++ exception with description "encryption parameters are not set correctly" thrown in the test body.
[  FAILED  ] EncryptorTest.t4 (0 ms)
[ RUN      ] EncryptorTest.t5
unknown file: Failure
C++ exception with description "encryption parameters are not set correctly" thrown in the test body.
[  FAILED  ] EncryptorTest.t5 (0 ms)
[ RUN      ] EncryptorTest.t6
unknown file: Failure
C++ exception with description "encryption parameters are not set correctly" thrown in the test body.
[  FAILED  ] EncryptorTest.t6 (0 ms)
[ RUN      ] EncryptorTest.t7
unknown file: Failure
C++ exception with description "encryption parameters are not set correctly" thrown in the test body.
[  FAILED  ] EncryptorTest.t7 (0 ms)
[ RUN      ] EncryptorTest.t8
unknown file: Failure
C++ exception with description "encryption parameters are not set correctly" thrown in the test body.
[  FAILED  ] EncryptorTest.t8 (0 ms)
[ RUN      ] EncryptorTest.t9
unknown file: Failure
C++ exception with description "encryption parameters are not set correctly" thrown in the test body.
[  FAILED  ] EncryptorTest.t9 (0 ms)
[ RUN      ] EncryptorTest.t10
unknown file: Failure
C++ exception with description "encryption parameters are not set correctly" thrown in the test body.
[  FAILED  ] EncryptorTest.t10 (0 ms)
[ RUN      ] EncryptorTest.t11
unknown file: Failure
C++ exception with description "encryption parameters are not set correctly" thrown in the test body.
[  FAILED  ] EncryptorTest.t11 (0 ms)
[ RUN      ] EncryptorTest.t12
unknown file: Failure
C++ exception with description "encryption parameters are not set correctly" thrown in the test body.
[  FAILED  ] EncryptorTest.t12 (0 ms)
[ RUN      ] EncryptorTest.t13
unknown file: Failure
C++ exception with description "encryption parameters are not set correctly" thrown in the test body.
[  FAILED  ] EncryptorTest.t13 (0 ms)
[ RUN      ] EncryptorTest.t156
unknown file: Failure
C++ exception with description "encryption parameters are not set correctly" thrown in the test body.
[  FAILED  ] EncryptorTest.t156 (1 ms)
[ RUN      ] EncryptorTest.t157
unknown file: Failure
C++ exception with description "encryption parameters are not set correctly" thrown in the test body.
[  FAILED  ] EncryptorTest.t157 (0 ms)
[ RUN      ] EncryptorTest.t14
unknown file: Failure
C++ exception with description "encryption parameters are not set correctly" thrown in the test body.
[  FAILED  ] EncryptorTest.t14 (0 ms)
[ RUN      ] EncryptorTest.t15
unknown file: Failure
C++ exception with description "encryption parameters are not set correctly" thrown in the test body.
[  FAILED  ] EncryptorTest.t15 (0 ms)
[ RUN      ] EncryptorTest.t16
unknown file: Failure
C++ exception with description "encryption parameters are not set correctly" thrown in the test body.
[  FAILED  ] EncryptorTest.t16 (0 ms)
[ RUN      ] EncryptorTest.t17
unknown file: Failure
C++ exception with description "encryption parameters are not set correctly" thrown in the test body.
[  FAILED  ] EncryptorTest.t17 (0 ms)
[ RUN      ] EncryptorTest.t18
unknown file: Failure
C++ exception with description "encryption parameters are not set correctly" thrown in the test body.
[  FAILED  ] EncryptorTest.t18 (0 ms)
[ RUN      ] EncryptorTest.t19
unknown file: Failure
C++ exception with description "encryption parameters are not set correctly" thrown in the test body.
[  FAILED  ] EncryptorTest.t19 (0 ms)
[ RUN      ] EncryptorTest.t20
unknown file: Failure
C++ exception with description "encryption parameters are not set correctly" thrown in the test body.
[  FAILED  ] EncryptorTest.t20 (0 ms)
[ RUN      ] EncryptorTest.t21
unknown file: Failure
C++ exception with description "encryption parameters are not set correctly" thrown in the test body.
[  FAILED  ] EncryptorTest.t21 (0 ms)
[ RUN      ] EncryptorTest.t22
unknown file: Failure
C++ exception with description "encryption parameters are not set correctly" thrown in the test body.
[  FAILED  ] EncryptorTest.t22 (0 ms)
[ RUN      ] EncryptorTest.t23
unknown file: Failure
C++ exception with description "encryption parameters are not set correctly" thrown in the test body.
[  FAILED  ] EncryptorTest.t23 (0 ms)
[ RUN      ] EncryptorTest.t24
unknown file: Failure
C++ exception with description "encryption parameters are not set correctly" thrown in the test body.
[  FAILED  ] EncryptorTest.t24 (0 ms)
[ RUN      ] EncryptorTest.t25
unknown file: Failure
C++ exception with description "encryption parameters are not set correctly" thrown in the test body.
[  FAILED  ] EncryptorTest.t25 (0 ms)
[ RUN      ] EncryptorTest.t26
unknown file: Failure
C++ exception with description "encryption parameters are not set correctly" thrown in the test body.
[  FAILED  ] EncryptorTest.t26 (0 ms)
[ RUN      ] EncryptorTest.t27
unknown file: Failure
C++ exception with description "encryption parameters are not set correctly" thrown in the test body.
[  FAILED  ] EncryptorTest.t27 (0 ms)
[ RUN      ] EncryptorTest.t28
unknown file: Failure
C++ exception with description "encryption parameters are not set correctly" thrown in the test body.
[  FAILED  ] EncryptorTest.t28 (0 ms)
[ RUN      ] EncryptorTest.t29
unknown file: Failure
C++ exception with description "encryption parameters are not set correctly" thrown in the test body.
[  FAILED  ] EncryptorTest.t29 (0 ms)
[ RUN      ] EncryptorTest.t158
unknown file: Failure
C++ exception with description "encryption parameters are not set correctly" thrown in the test body.
[  FAILED  ] EncryptorTest.t158 (0 ms)
[ RUN      ] EncryptorTest.t159
unknown file: Failure
C++ exception with description "encryption parameters are not set correctly" thrown in the test body.
[  FAILED  ] EncryptorTest.t159 (0 ms)
[ RUN      ] EncryptorTest.t30
unknown file: Failure
C++ exception with description "encryption parameters are not set correctly" thrown in the test body.
[  FAILED  ] EncryptorTest.t30 (0 ms)
[ RUN      ] EncryptorTest.t31
unknown file: Failure
C++ exception with description "encryption parameters are not set correctly" thrown in the test body.
[  FAILED  ] EncryptorTest.t31 (1 ms)
[ RUN      ] EncryptorTest.t32
unknown file: Failure
C++ exception with description "encryption parameters are not set correctly" thrown in the test body.
[  FAILED  ] EncryptorTest.t32 (0 ms)
[ RUN      ] EncryptorTest.t33
unknown file: Failure
C++ exception with description "encryption parameters are not set correctly" thrown in the test body.
[  FAILED  ] EncryptorTest.t33 (0 ms)
[ RUN      ] EncryptorTest.t34
unknown file: Failure
C++ exception with description "encryption parameters are not set correctly" thrown in the test body.
[  FAILED  ] EncryptorTest.t34 (0 ms)
[ RUN      ] EncryptorTest.t35
unknown file: Failure
C++ exception with description "encryption parameters are not set correctly" thrown in the test body.
[  FAILED  ] EncryptorTest.t35 (0 ms)
[ RUN      ] EncryptorTest.t36
unknown file: Failure
C++ exception with description "encryption parameters are not set correctly" thrown in the test body.
[  FAILED  ] EncryptorTest.t36 (0 ms)
[ RUN      ] EncryptorTest.t37
unknown file: Failure
C++ exception with description "encryption parameters are not set correctly" thrown in the test body.
[  FAILED  ] EncryptorTest.t37 (0 ms)
[ RUN      ] EncryptorTest.t38
unknown file: Failure
C++ exception with description "encryption parameters are not set correctly" thrown in the test body.
[  FAILED  ] EncryptorTest.t38 (0 ms)
[ RUN      ] EncryptorTest.t39
unknown file: Failure
C++ exception with description "encryption parameters are not set correctly" thrown in the test body.
[  FAILED  ] EncryptorTest.t39 (0 ms)
[ RUN      ] EncryptorTest.t40
unknown file: Failure
C++ exception with description "encryption parameters are not set correctly" thrown in the test body.
[  FAILED  ] EncryptorTest.t40 (0 ms)
[ RUN      ] EncryptorTest.t41
unknown file: Failure
C++ exception with description "encryption parameters are not set correctly" thrown in the test body.
[  FAILED  ] EncryptorTest.t41 (0 ms)
[ RUN      ] EncryptorTest.t42
unknown file: Failure
C++ exception with description "encryption parameters are not set correctly" thrown in the test body.
[  FAILED  ] EncryptorTest.t42 (1 ms)
[ RUN      ] EncryptorTest.t43
unknown file: Failure
C++ exception with description "encryption parameters are not set correctly" thrown in the test body.
[  FAILED  ] EncryptorTest.t43 (0 ms)
[ RUN      ] EncryptorTest.t160
unknown file: Failure
C++ exception with description "encryption parameters are not set correctly" thrown in the test body.
[  FAILED  ] EncryptorTest.t160 (0 ms)
[ RUN      ] EncryptorTest.t161
unknown file: Failure
C++ exception with description "encryption parameters are not set correctly" thrown in the test body.
[  FAILED  ] EncryptorTest.t161 (0 ms)
[ RUN      ] EncryptorTest.t44
unknown file: Failure
C++ exception with description "encryption parameters are not set correctly" thrown in the test body.
[  FAILED  ] EncryptorTest.t44 (0 ms)
[ RUN      ] EncryptorTest.t45
unknown file: Failure
C++ exception with description "encryption parameters are not set correctly" thrown in the test body.
[  FAILED  ] EncryptorTest.t45 (0 ms)
[ RUN      ] EncryptorTest.t46
unknown file: Failure
C++ exception with description "encryption parameters are not set correctly" thrown in the test body.
[  FAILED  ] EncryptorTest.t46 (0 ms)
[ RUN      ] EncryptorTest.t47
unknown file: Failure
C++ exception with description "encryption parameters are not set correctly" thrown in the test body.
[  FAILED  ] EncryptorTest.t47 (0 ms)
[ RUN      ] EncryptorTest.t48
unknown file: Failure
C++ exception with description "encryption parameters are not set correctly" thrown in the test body.
[  FAILED  ] EncryptorTest.t48 (0 ms)
[ RUN      ] EncryptorTest.t49
unknown file: Failure
C++ exception with description "encryption parameters are not set correctly" thrown in the test body.
[  FAILED  ] EncryptorTest.t49 (0 ms)
[ RUN      ] EncryptorTest.t50
unknown file: Failure
C++ exception with description "encryption parameters are not set correctly" thrown in the test body.
[  FAILED  ] EncryptorTest.t50 (0 ms)
[ RUN      ] EncryptorTest.t51
unknown file: Failure
C++ exception with description "encryption parameters are not set correctly" thrown in the test body.
[  FAILED  ] EncryptorTest.t51 (1 ms)
[ RUN      ] EncryptorTest.t52
unknown file: Failure
C++ exception with description "encryption parameters are not set correctly" thrown in the test body.
[  FAILED  ] EncryptorTest.t52 (0 ms)
[ RUN      ] EncryptorTest.t53
unknown file: Failure
C++ exception with description "encryption parameters are not set correctly" thrown in the test body.
[  FAILED  ] EncryptorTest.t53 (0 ms)
[ RUN      ] EncryptorTest.t54
unknown file: Failure
C++ exception with description "encryption parameters are not set correctly" thrown in the test body.
[  FAILED  ] EncryptorTest.t54 (0 ms)
[ RUN      ] EncryptorTest.t55
unknown file: Failure
C++ exception with description "encryption parameters are not set correctly" thrown in the test body.
[  FAILED  ] EncryptorTest.t55 (0 ms)
[ RUN      ] EncryptorTest.t56
unknown file: Failure
C++ exception with description "encryption parameters are not set correctly" thrown in the test body.
[  FAILED  ] EncryptorTest.t56 (0 ms)
[ RUN      ] EncryptorTest.t57
unknown file: Failure
C++ exception with description "encryption parameters are not set correctly" thrown in the test body.
[  FAILED  ] EncryptorTest.t57 (0 ms)
[ RUN      ] EncryptorTest.t58
unknown file: Failure
C++ exception with description "encryption parameters are not set correctly" thrown in the test body.
[  FAILED  ] EncryptorTest.t58 (0 ms)
[ RUN      ] EncryptorTest.t59
unknown file: Failure
C++ exception with description "encryption parameters are not set correctly" thrown in the test body.
[  FAILED  ] EncryptorTest.t59 (0 ms)
[ RUN      ] EncryptorTest.t60
unknown file: Failure
C++ exception with description "encryption parameters are not set correctly" thrown in the test body.
[  FAILED  ] EncryptorTest.t60 (0 ms)
[ RUN      ] EncryptorTest.t61
unknown file: Failure
C++ exception with description "encryption parameters are not set correctly" thrown in the test body.
[  FAILED  ] EncryptorTest.t61 (0 ms)
[ RUN      ] EncryptorTest.t62
unknown file: Failure
C++ exception with description "encryption parameters are not set correctly" thrown in the test body.
[  FAILED  ] EncryptorTest.t62 (1 ms)
[ RUN      ] EncryptorTest.t63
unknown file: Failure
C++ exception with description "encryption parameters are not set correctly" thrown in the test body.
[  FAILED  ] EncryptorTest.t63 (0 ms)
[ RUN      ] EncryptorTest.t64
unknown file: Failure
C++ exception with description "encryption parameters are not set correctly" thrown in the test body.
[  FAILED  ] EncryptorTest.t64 (0 ms)
[ RUN      ] EncryptorTest.t65
unknown file: Failure
C++ exception with description "encryption parameters are not set correctly" thrown in the test body.
[  FAILED  ] EncryptorTest.t65 (0 ms)
[ RUN      ] EncryptorTest.t66
unknown file: Failure
C++ exception with description "encryption parameters are not set correctly" thrown in the test body.
[  FAILED  ] EncryptorTest.t66 (0 ms)
[ RUN      ] EncryptorTest.t67
unknown file: Failure
C++ exception with description "encryption parameters are not set correctly" thrown in the test body.
[  FAILED  ] EncryptorTest.t67 (0 ms)
[ RUN      ] EncryptorTest.t68
unknown file: Failure
C++ exception with description "encryption parameters are not set correctly" thrown in the test body.
[  FAILED  ] EncryptorTest.t68 (0 ms)
[ RUN      ] EncryptorTest.t69
unknown file: Failure
C++ exception with description "encryption parameters are not set correctly" thrown in the test body.
[  FAILED  ] EncryptorTest.t69 (0 ms)
[ RUN      ] EncryptorTest.t70
unknown file: Failure
C++ exception with description "encryption parameters are not set correctly" thrown in the test body.
[  FAILED  ] EncryptorTest.t70 (0 ms)
[ RUN      ] EncryptorTest.t71
unknown file: Failure
C++ exception with description "encryption parameters are not set correctly" thrown in the test body.
[  FAILED  ] EncryptorTest.t71 (0 ms)
[ RUN      ] EncryptorTest.t72
unknown file: Failure
C++ exception with description "encryption parameters are not set correctly" thrown in the test body.
[  FAILED  ] EncryptorTest.t72 (1 ms)
[ RUN      ] EncryptorTest.t73
unknown file: Failure
C++ exception with description "encryption parameters are not set correctly" thrown in the test body.
[  FAILED  ] EncryptorTest.t73 (0 ms)
[ RUN      ] EncryptorTest.t74
unknown file: Failure
C++ exception with description "encryption parameters are not set correctly" thrown in the test body.
[  FAILED  ] EncryptorTest.t74 (0 ms)
[ RUN      ] EncryptorTest.t75
unknown file: Failure
C++ exception with description "encryption parameters are not set correctly" thrown in the test body.
[  FAILED  ] EncryptorTest.t75 (0 ms)
[ RUN      ] EncryptorTest.t76
unknown file: Failure
C++ exception with description "encryption parameters are not set correctly" thrown in the test body.
[  FAILED  ] EncryptorTest.t76 (0 ms)
[ RUN      ] EncryptorTest.t77
unknown file: Failure
C++ exception with description "encryption parameters are not set correctly" thrown in the test body.
[  FAILED  ] EncryptorTest.t77 (0 ms)
[ RUN      ] EncryptorTest.t78
unknown file: Failure
C++ exception with description "encryption parameters are not set correctly" thrown in the test body.
[  FAILED  ] EncryptorTest.t78 (0 ms)
[ RUN      ] EncryptorTest.t79
unknown file: Failure
C++ exception with description "encryption parameters are not set correctly" thrown in the test body.
[  FAILED  ] EncryptorTest.t79 (0 ms)
[ RUN      ] EncryptorTest.t80
unknown file: Failure
C++ exception with description "encryption parameters are not set correctly" thrown in the test body.
[  FAILED  ] EncryptorTest.t80 (1 ms)
[ RUN      ] EncryptorTest.t81
unknown file: Failure
C++ exception with description "encryption parameters are not set correctly" thrown in the test body.
[  FAILED  ] EncryptorTest.t81 (0 ms)
[ RUN      ] EncryptorTest.t82
unknown file: Failure
C++ exception with description "encryption parameters are not set correctly" thrown in the test body.
[  FAILED  ] EncryptorTest.t82 (0 ms)
[ RUN      ] EncryptorTest.t83
unknown file: Failure
C++ exception with description "encryption parameters are not set correctly" thrown in the test body.
[  FAILED  ] EncryptorTest.t83 (0 ms)
[ RUN      ] EncryptorTest.t84
unknown file: Failure
C++ exception with description "encryption parameters are not set correctly" thrown in the test body.
[  FAILED  ] EncryptorTest.t84 (0 ms)
[ RUN      ] EncryptorTest.t85
unknown file: Failure
C++ exception with description "encryption parameters are not set correctly" thrown in the test body.
[  FAILED  ] EncryptorTest.t85 (0 ms)
[ RUN      ] EncryptorTest.t86
unknown file: Failure
C++ exception with description "encryption parameters are not set correctly" thrown in the test body.
[  FAILED  ] EncryptorTest.t86 (0 ms)
[ RUN      ] EncryptorTest.t87
unknown file: Failure
C++ exception with description "encryption parameters are not set correctly" thrown in the test body.
[  FAILED  ] EncryptorTest.t87 (0 ms)
[ RUN      ] EncryptorTest.t88
unknown file: Failure
C++ exception with description "encryption parameters are not set correctly" thrown in the test body.
[  FAILED  ] EncryptorTest.t88 (0 ms)
[ RUN      ] EncryptorTest.t89
unknown file: Failure
C++ exception with description "encryption parameters are not set correctly" thrown in the test body.
[  FAILED  ] EncryptorTest.t89 (1 ms)
[ RUN      ] EncryptorTest.t90
unknown file: Failure
C++ exception with description "encryption parameters are not set correctly" thrown in the test body.
[  FAILED  ] EncryptorTest.t90 (0 ms)
[ RUN      ] EncryptorTest.t91
unknown file: Failure
C++ exception with description "encryption parameters are not set correctly" thrown in the test body.
[  FAILED  ] EncryptorTest.t91 (0 ms)
[ RUN      ] EncryptorTest.t92
unknown file: Failure
C++ exception with description "encryption parameters are not set correctly" thrown in the test body.
[  FAILED  ] EncryptorTest.t92 (0 ms)
[ RUN      ] EncryptorTest.t93
unknown file: Failure
C++ exception with description "encryption parameters are not set correctly" thrown in the test body.
[  FAILED  ] EncryptorTest.t93 (0 ms)
[ RUN      ] EncryptorTest.t94
unknown file: Failure
C++ exception with description "encryption parameters are not set correctly" thrown in the test body.
[  FAILED  ] EncryptorTest.t94 (0 ms)
[ RUN      ] EncryptorTest.t95
unknown file: Failure
C++ exception with description "encryption parameters are not set correctly" thrown in the test body.
[  FAILED  ] EncryptorTest.t95 (0 ms)
[ RUN      ] EncryptorTest.t96
unknown file: Failure
C++ exception with description "encryption parameters are not set correctly" thrown in the test body.
[  FAILED  ] EncryptorTest.t96 (0 ms)
[ RUN      ] EncryptorTest.t97
unknown file: Failure
C++ exception with description "encryption parameters are not set correctly" thrown in the test body.
[  FAILED  ] EncryptorTest.t97 (0 ms)
[ RUN      ] EncryptorTest.t98
unknown file: Failure
C++ exception with description "encryption parameters are not set correctly" thrown in the test body.
[  FAILED  ] EncryptorTest.t98 (0 ms)
[ RUN      ] EncryptorTest.t99
unknown file: Failure
C++ exception with description "encryption parameters are not set correctly" thrown in the test body.
[  FAILED  ] EncryptorTest.t99 (1 ms)
[ RUN      ] EncryptorTest.t100
unknown file: Failure
C++ exception with description "encryption parameters are not set correctly" thrown in the test body.
[  FAILED  ] EncryptorTest.t100 (0 ms)
[ RUN      ] EncryptorTest.t101
unknown file: Failure
C++ exception with description "encryption parameters are not set correctly" thrown in the test body.
[  FAILED  ] EncryptorTest.t101 (0 ms)
[ RUN      ] EncryptorTest.t102
unknown file: Failure
C++ exception with description "encryption parameters are not set correctly" thrown in the test body.
[  FAILED  ] EncryptorTest.t102 (0 ms)
[ RUN      ] EncryptorTest.t103
unknown file: Failure
C++ exception with description "encryption parameters are not set correctly" thrown in the test body.
[  FAILED  ] EncryptorTest.t103 (0 ms)
[ RUN      ] EncryptorTest.t104
unknown file: Failure
C++ exception with description "encryption parameters are not set correctly" thrown in the test body.
[  FAILED  ] EncryptorTest.t104 (0 ms)
[ RUN      ] EncryptorTest.t105
unknown file: Failure
C++ exception with description "encryption parameters are not set correctly" thrown in the test body.
[  FAILED  ] EncryptorTest.t105 (0 ms)
[ RUN      ] EncryptorTest.t106
unknown file: Failure
C++ exception with description "encryption parameters are not set correctly" thrown in the test body.
[  FAILED  ] EncryptorTest.t106 (0 ms)
[ RUN      ] EncryptorTest.t107
unknown file: Failure
C++ exception with description "encryption parameters are not set correctly" thrown in the test body.
[  FAILED  ] EncryptorTest.t107 (0 ms)
[ RUN      ] EncryptorTest.t108
unknown file: Failure
C++ exception with description "encryption parameters are not set correctly" thrown in the test body.
[  FAILED  ] EncryptorTest.t108 (1 ms)
[ RUN      ] EncryptorTest.t109
unknown file: Failure
C++ exception with description "encryption parameters are not set correctly" thrown in the test body.
[  FAILED  ] EncryptorTest.t109 (0 ms)
[ RUN      ] EncryptorTest.t110
unknown file: Failure
C++ exception with description "encryption parameters are not set correctly" thrown in the test body.
[  FAILED  ] EncryptorTest.t110 (0 ms)
[ RUN      ] EncryptorTest.t111
unknown file: Failure
C++ exception with description "encryption parameters are not set correctly" thrown in the test body.
[  FAILED  ] EncryptorTest.t111 (0 ms)
[ RUN      ] EncryptorTest.t112
unknown file: Failure
C++ exception with description "encryption parameters are not set correctly" thrown in the test body.
[  FAILED  ] EncryptorTest.t112 (0 ms)
[ RUN      ] EncryptorTest.t113
unknown file: Failure
C++ exception with description "encryption parameters are not set correctly" thrown in the test body.
[  FAILED  ] EncryptorTest.t113 (0 ms)
[ RUN      ] EncryptorTest.t114
unknown file: Failure
C++ exception with description "encryption parameters are not set correctly" thrown in the test body.
[  FAILED  ] EncryptorTest.t114 (0 ms)
[ RUN      ] EncryptorTest.t115
unknown file: Failure
C++ exception with description "encryption parameters are not set correctly" thrown in the test body.
[  FAILED  ] EncryptorTest.t115 (0 ms)
[ RUN      ] EncryptorTest.t116
unknown file: Failure
C++ exception with description "encryption parameters are not set correctly" thrown in the test body.
[  FAILED  ] EncryptorTest.t116 (0 ms)
[ RUN      ] EncryptorTest.t117
unknown file: Failure
C++ exception with description "encryption parameters are not set correctly" thrown in the test body.
[  FAILED  ] EncryptorTest.t117 (0 ms)
[ RUN      ] EncryptorTest.t118
unknown file: Failure
C++ exception with description "encryption parameters are not set correctly" thrown in the test body.
[  FAILED  ] EncryptorTest.t118 (0 ms)
[ RUN      ] EncryptorTest.t119
unknown file: Failure
C++ exception with description "encryption parameters are not set correctly" thrown in the test body.
[  FAILED  ] EncryptorTest.t119 (1 ms)
[ RUN      ] EncryptorTest.t120
unknown file: Failure
C++ exception with description "encryption parameters are not set correctly" thrown in the test body.
[  FAILED  ] EncryptorTest.t120 (0 ms)
[ RUN      ] EncryptorTest.t121
unknown file: Failure
C++ exception with description "encryption parameters are not set correctly" thrown in the test body.
[  FAILED  ] EncryptorTest.t121 (0 ms)
[ RUN      ] EncryptorTest.t122
unknown file: Failure
C++ exception with description "encryption parameters are not set correctly" thrown in the test body.
[  FAILED  ] EncryptorTest.t122 (0 ms)
[ RUN      ] EncryptorTest.t123
unknown file: Failure
C++ exception with description "encryption parameters are not set correctly" thrown in the test body.
[  FAILED  ] EncryptorTest.t123 (0 ms)
[ RUN      ] EncryptorTest.t124
unknown file: Failure
C++ exception with description "encryption parameters are not set correctly" thrown in the test body.
[  FAILED  ] EncryptorTest.t124 (0 ms)
[ RUN      ] EncryptorTest.t125
unknown file: Failure
C++ exception with description "encryption parameters are not set correctly" thrown in the test body.
[  FAILED  ] EncryptorTest.t125 (0 ms)
[ RUN      ] EncryptorTest.t126
unknown file: Failure
C++ exception with description "encryption parameters are not set correctly" thrown in the test body.
[  FAILED  ] EncryptorTest.t126 (0 ms)
[ RUN      ] EncryptorTest.t127
unknown file: Failure
C++ exception with description "encryption parameters are not set correctly" thrown in the test body.
[  FAILED  ] EncryptorTest.t127 (0 ms)
[ RUN      ] EncryptorTest.t128
unknown file: Failure
C++ exception with description "encryption parameters are not set correctly" thrown in the test body.
[  FAILED  ] EncryptorTest.t128 (1 ms)
[ RUN      ] EncryptorTest.t129
unknown file: Failure
C++ exception with description "encryption parameters are not set correctly" thrown in the test body.
[  FAILED  ] EncryptorTest.t129 (0 ms)
[ RUN      ] EncryptorTest.t130
unknown file: Failure
C++ exception with description "encryption parameters are not set correctly" thrown in the test body.
[  FAILED  ] EncryptorTest.t130 (0 ms)
[ RUN      ] EncryptorTest.t131
unknown file: Failure
C++ exception with description "encryption parameters are not set correctly" thrown in the test body.
[  FAILED  ] EncryptorTest.t131 (0 ms)
[ RUN      ] EncryptorTest.t132
unknown file: Failure
C++ exception with description "encryption parameters are not set correctly" thrown in the test body.
[  FAILED  ] EncryptorTest.t132 (0 ms)
[ RUN      ] EncryptorTest.t133
unknown file: Failure
C++ exception with description "encryption parameters are not set correctly" thrown in the test body.
[  FAILED  ] EncryptorTest.t133 (0 ms)
[ RUN      ] EncryptorTest.t134
unknown file: Failure
C++ exception with description "encryption parameters are not set correctly" thrown in the test body.
[  FAILED  ] EncryptorTest.t134 (0 ms)
[ RUN      ] EncryptorTest.t135
unknown file: Failure
C++ exception with description "encryption parameters are not set correctly" thrown in the test body.
[  FAILED  ] EncryptorTest.t135 (0 ms)
[ RUN      ] EncryptorTest.t136
unknown file: Failure
C++ exception with description "encryption parameters are not set correctly" thrown in the test body.
[  FAILED  ] EncryptorTest.t136 (1 ms)
[ RUN      ] EncryptorTest.t137
unknown file: Failure
C++ exception with description "encryption parameters are not set correctly" thrown in the test body.
[  FAILED  ] EncryptorTest.t137 (0 ms)
[ RUN      ] EncryptorTest.t138
unknown file: Failure
C++ exception with description "encryption parameters are not set correctly" thrown in the test body.
[  FAILED  ] EncryptorTest.t138 (0 ms)
[ RUN      ] EncryptorTest.t139
unknown file: Failure
C++ exception with description "encryption parameters are not set correctly" thrown in the test body.
[  FAILED  ] EncryptorTest.t139 (0 ms)
[ RUN      ] EncryptorTest.t140
unknown file: Failure
C++ exception with description "encryption parameters are not set correctly" thrown in the test body.
[  FAILED  ] EncryptorTest.t140 (0 ms)
[ RUN      ] EncryptorTest.t141
unknown file: Failure
C++ exception with description "encryption parameters are not set correctly" thrown in the test body.
[  FAILED  ] EncryptorTest.t141 (0 ms)
[ RUN      ] EncryptorTest.t142
unknown file: Failure
C++ exception with description "encryption parameters are not set correctly" thrown in the test body.
[  FAILED  ] EncryptorTest.t142 (0 ms)
[ RUN      ] EncryptorTest.t143
unknown file: Failure
C++ exception with description "encryption parameters are not set correctly" thrown in the test body.
[  FAILED  ] EncryptorTest.t143 (0 ms)
[ RUN      ] EncryptorTest.t144
unknown file: Failure
C++ exception with description "encryption parameters are not set correctly" thrown in the test body.
[  FAILED  ] EncryptorTest.t144 (0 ms)
[ RUN      ] EncryptorTest.t145
unknown file: Failure
C++ exception with description "encryption parameters are not set correctly" thrown in the test body.
[  FAILED  ] EncryptorTest.t145 (0 ms)
[ RUN      ] EncryptorTest.t146
unknown file: Failure
C++ exception with description "encryption parameters are not set correctly" thrown in the test body.
[  FAILED  ] EncryptorTest.t146 (0 ms)
[ RUN      ] EncryptorTest.t147
unknown file: Failure
C++ exception with description "encryption parameters are not set correctly" thrown in the test body.
[  FAILED  ] EncryptorTest.t147 (0 ms)
[ RUN      ] EncryptorTest.t148
unknown file: Failure
C++ exception with description "encryption parameters are not set correctly" thrown in the test body.
[  FAILED  ] EncryptorTest.t148 (0 ms)
[ RUN      ] EncryptorTest.t149
unknown file: Failure
C++ exception with description "encryption parameters are not set correctly" thrown in the test body.
[  FAILED  ] EncryptorTest.t149 (0 ms)
[ RUN      ] EncryptorTest.t150
unknown file: Failure
C++ exception with description "encryption parameters are not set correctly" thrown in the test body.
[  FAILED  ] EncryptorTest.t150 (1 ms)
[ RUN      ] EncryptorTest.t151
unknown file: Failure
C++ exception with description "encryption parameters are not set correctly" thrown in the test body.
[  FAILED  ] EncryptorTest.t151 (0 ms)
[ RUN      ] EncryptorTest.t152
unknown file: Failure
C++ exception with description "encryption parameters are not set correctly" thrown in the test body.
[  FAILED  ] EncryptorTest.t152 (0 ms)
[ RUN      ] EncryptorTest.t153
unknown file: Failure
C++ exception with description "encryption parameters are not set correctly" thrown in the test body.
[  FAILED  ] EncryptorTest.t153 (0 ms)
[ RUN      ] EncryptorTest.t154
unknown file: Failure
C++ exception with description "encryption parameters are not set correctly" thrown in the test body.
[  FAILED  ] EncryptorTest.t154 (0 ms)
[ RUN      ] EncryptorTest.t155
unknown file: Failure
C++ exception with description "encryption parameters are not set correctly" thrown in the test body.
[  FAILED  ] EncryptorTest.t155 (0 ms)
[----------] 162 tests from EncryptorTest (16 ms total)

[----------] Global test environment tear-down
[==========] 162 tests from 1 test suite ran. (16 ms total)
[  PASSED  ] 0 tests.
[  FAILED  ] 162 tests, listed below:
[  FAILED  ] EncryptorTest.t0
[  FAILED  ] EncryptorTest.t1
[  FAILED  ] EncryptorTest.t2
[  FAILED  ] EncryptorTest.t3
[  FAILED  ] EncryptorTest.t4
[  FAILED  ] EncryptorTest.t5
[  FAILED  ] EncryptorTest.t6
[  FAILED  ] EncryptorTest.t7
[  FAILED  ] EncryptorTest.t8
[  FAILED  ] EncryptorTest.t9
[  FAILED  ] EncryptorTest.t10
[  FAILED  ] EncryptorTest.t11
[  FAILED  ] EncryptorTest.t12
[  FAILED  ] EncryptorTest.t13
[  FAILED  ] EncryptorTest.t156
[  FAILED  ] EncryptorTest.t157
[  FAILED  ] EncryptorTest.t14
[  FAILED  ] EncryptorTest.t15
[  FAILED  ] EncryptorTest.t16
[  FAILED  ] EncryptorTest.t17
[  FAILED  ] EncryptorTest.t18
[  FAILED  ] EncryptorTest.t19
[  FAILED  ] EncryptorTest.t20
[  FAILED  ] EncryptorTest.t21
[  FAILED  ] EncryptorTest.t22
[  FAILED  ] EncryptorTest.t23
[  FAILED  ] EncryptorTest.t24
[  FAILED  ] EncryptorTest.t25
[  FAILED  ] EncryptorTest.t26
[  FAILED  ] EncryptorTest.t27
[  FAILED  ] EncryptorTest.t28
[  FAILED  ] EncryptorTest.t29
[  FAILED  ] EncryptorTest.t158
[  FAILED  ] EncryptorTest.t159
[  FAILED  ] EncryptorTest.t30
[  FAILED  ] EncryptorTest.t31
[  FAILED  ] EncryptorTest.t32
[  FAILED  ] EncryptorTest.t33
[  FAILED  ] EncryptorTest.t34
[  FAILED  ] EncryptorTest.t35
[  FAILED  ] EncryptorTest.t36
[  FAILED  ] EncryptorTest.t37
[  FAILED  ] EncryptorTest.t38
[  FAILED  ] EncryptorTest.t39
[  FAILED  ] EncryptorTest.t40
[  FAILED  ] EncryptorTest.t41
[  FAILED  ] EncryptorTest.t42
[  FAILED  ] EncryptorTest.t43
[  FAILED  ] EncryptorTest.t160
[  FAILED  ] EncryptorTest.t161
[  FAILED  ] EncryptorTest.t44
[  FAILED  ] EncryptorTest.t45
[  FAILED  ] EncryptorTest.t46
[  FAILED  ] EncryptorTest.t47
[  FAILED  ] EncryptorTest.t48
[  FAILED  ] EncryptorTest.t49
[  FAILED  ] EncryptorTest.t50
[  FAILED  ] EncryptorTest.t51
[  FAILED  ] EncryptorTest.t52
[  FAILED  ] EncryptorTest.t53
[  FAILED  ] EncryptorTest.t54
[  FAILED  ] EncryptorTest.t55
[  FAILED  ] EncryptorTest.t56
[  FAILED  ] EncryptorTest.t57
[  FAILED  ] EncryptorTest.t58
[  FAILED  ] EncryptorTest.t59
[  FAILED  ] EncryptorTest.t60
[  FAILED  ] EncryptorTest.t61
[  FAILED  ] EncryptorTest.t62
[  FAILED  ] EncryptorTest.t63
[  FAILED  ] EncryptorTest.t64
[  FAILED  ] EncryptorTest.t65
[  FAILED  ] EncryptorTest.t66
[  FAILED  ] EncryptorTest.t67
[  FAILED  ] EncryptorTest.t68
[  FAILED  ] EncryptorTest.t69
[  FAILED  ] EncryptorTest.t70
[  FAILED  ] EncryptorTest.t71
[  FAILED  ] EncryptorTest.t72
[  FAILED  ] EncryptorTest.t73
[  FAILED  ] EncryptorTest.t74
[  FAILED  ] EncryptorTest.t75
[  FAILED  ] EncryptorTest.t76
[  FAILED  ] EncryptorTest.t77
[  FAILED  ] EncryptorTest.t78
[  FAILED  ] EncryptorTest.t79
[  FAILED  ] EncryptorTest.t80
[  FAILED  ] EncryptorTest.t81
[  FAILED  ] EncryptorTest.t82
[  FAILED  ] EncryptorTest.t83
[  FAILED  ] EncryptorTest.t84
[  FAILED  ] EncryptorTest.t85
[  FAILED  ] EncryptorTest.t86
[  FAILED  ] EncryptorTest.t87
[  FAILED  ] EncryptorTest.t88
[  FAILED  ] EncryptorTest.t89
[  FAILED  ] EncryptorTest.t90
[  FAILED  ] EncryptorTest.t91
[  FAILED  ] EncryptorTest.t92
[  FAILED  ] EncryptorTest.t93
[  FAILED  ] EncryptorTest.t94
[  FAILED  ] EncryptorTest.t95
[  FAILED  ] EncryptorTest.t96
[  FAILED  ] EncryptorTest.t97
[  FAILED  ] EncryptorTest.t98
[  FAILED  ] EncryptorTest.t99
[  FAILED  ] EncryptorTest.t100
[  FAILED  ] EncryptorTest.t101
[  FAILED  ] EncryptorTest.t102
[  FAILED  ] EncryptorTest.t103
[  FAILED  ] EncryptorTest.t104
[  FAILED  ] EncryptorTest.t105
[  FAILED  ] EncryptorTest.t106
[  FAILED  ] EncryptorTest.t107
[  FAILED  ] EncryptorTest.t108
[  FAILED  ] EncryptorTest.t109
[  FAILED  ] EncryptorTest.t110
[  FAILED  ] EncryptorTest.t111
[  FAILED  ] EncryptorTest.t112
[  FAILED  ] EncryptorTest.t113
[  FAILED  ] EncryptorTest.t114
[  FAILED  ] EncryptorTest.t115
[  FAILED  ] EncryptorTest.t116
[  FAILED  ] EncryptorTest.t117
[  FAILED  ] EncryptorTest.t118
[  FAILED  ] EncryptorTest.t119
[  FAILED  ] EncryptorTest.t120
[  FAILED  ] EncryptorTest.t121
[  FAILED  ] EncryptorTest.t122
[  FAILED  ] EncryptorTest.t123
[  FAILED  ] EncryptorTest.t124
[  FAILED  ] EncryptorTest.t125
[  FAILED  ] EncryptorTest.t126
[  FAILED  ] EncryptorTest.t127
[  FAILED  ] EncryptorTest.t128
[  FAILED  ] EncryptorTest.t129
[  FAILED  ] EncryptorTest.t130
[  FAILED  ] EncryptorTest.t131
[  FAILED  ] EncryptorTest.t132
[  FAILED  ] EncryptorTest.t133
[  FAILED  ] EncryptorTest.t134
[  FAILED  ] EncryptorTest.t135
[  FAILED  ] EncryptorTest.t136
[  FAILED  ] EncryptorTest.t137
[  FAILED  ] EncryptorTest.t138
[  FAILED  ] EncryptorTest.t139
[  FAILED  ] EncryptorTest.t140
[  FAILED  ] EncryptorTest.t141
[  FAILED  ] EncryptorTest.t142
[  FAILED  ] EncryptorTest.t143
[  FAILED  ] EncryptorTest.t144
[  FAILED  ] EncryptorTest.t145
[  FAILED  ] EncryptorTest.t146
[  FAILED  ] EncryptorTest.t147
[  FAILED  ] EncryptorTest.t148
[  FAILED  ] EncryptorTest.t149
[  FAILED  ] EncryptorTest.t150
[  FAILED  ] EncryptorTest.t151
[  FAILED  ] EncryptorTest.t152
[  FAILED  ] EncryptorTest.t153
[  FAILED  ] EncryptorTest.t154
[  FAILED  ] EncryptorTest.t155

162 FAILED TESTS
