Note: Google Test filter = Encryptor*
[==========] Running 162 tests from 1 test suite.
[----------] Global test environment set-up.
[----------] 162 tests from EncryptorTest
[ RUN      ] EncryptorTest.t0
[       OK ] EncryptorTest.t0 (0 ms)
[ RUN      ] EncryptorTest.t1
[       OK ] EncryptorTest.t1 (1 ms)
[ RUN      ] EncryptorTest.t2
[       OK ] EncryptorTest.t2 (0 ms)
[ RUN      ] EncryptorTest.t3
[       OK ] EncryptorTest.t3 (0 ms)
[ RUN      ] EncryptorTest.t4
[       OK ] EncryptorTest.t4 (1 ms)
[ RUN      ] EncryptorTest.t5
[       OK ] EncryptorTest.t5 (0 ms)
[ RUN      ] EncryptorTest.t6
[       OK ] EncryptorTest.t6 (1 ms)
[ RUN      ] EncryptorTest.t7
[       OK ] EncryptorTest.t7 (0 ms)
[ RUN      ] EncryptorTest.t8
[       OK ] EncryptorTest.t8 (0 ms)
[ RUN      ] EncryptorTest.t9
[       OK ] EncryptorTest.t9 (1 ms)
[ RUN      ] EncryptorTest.t10
[       OK ] EncryptorTest.t10 (0 ms)
[ RUN      ] EncryptorTest.t11
[       OK ] EncryptorTest.t11 (0 ms)
[ RUN      ] EncryptorTest.t12
[       OK ] EncryptorTest.t12 (1 ms)
[ RUN      ] EncryptorTest.t13
[       OK ] EncryptorTest.t13 (0 ms)
[ RUN      ] EncryptorTest.t156
[       OK ] EncryptorTest.t156 (1 ms)
[ RUN      ] EncryptorTest.t157
[       OK ] EncryptorTest.t157 (0 ms)
[ RUN      ] EncryptorTest.t14
[       OK ] EncryptorTest.t14 (0 ms)
[ RUN      ] EncryptorTest.t15
[       OK ] EncryptorTest.t15 (1 ms)
[ RUN      ] EncryptorTest.t16
[       OK ] EncryptorTest.t16 (1 ms)
[ RUN      ] EncryptorTest.t17
[       OK ] EncryptorTest.t17 (0 ms)
[ RUN      ] EncryptorTest.t18
[       OK ] EncryptorTest.t18 (1 ms)
[ RUN      ] EncryptorTest.t19
[       OK ] EncryptorTest.t19 (0 ms)
[ RUN      ] EncryptorTest.t20
[       OK ] EncryptorTest.t20 (1 ms)
[ RUN      ] EncryptorTest.t21
[       OK ] EncryptorTest.t21 (1 ms)
[ RUN      ] EncryptorTest.t22
[       OK ] EncryptorTest.t22 (0 ms)
[ RUN      ] EncryptorTest.t23
[       OK ] EncryptorTest.t23 (1 ms)
[ RUN      ] EncryptorTest.t24
[       OK ] EncryptorTest.t24 (0 ms)
[ RUN      ] EncryptorTest.t25
[       OK ] EncryptorTest.t25 (1 ms)
[ RUN      ] EncryptorTest.t26
[       OK ] EncryptorTest.t26 (0 ms)
[ RUN      ] EncryptorTest.t27
[       OK ] EncryptorTest.t27 (1 ms)
[ RUN      ] EncryptorTest.t28
[       OK ] EncryptorTest.t28 (1 ms)
[ RUN      ] EncryptorTest.t29
[       OK ] EncryptorTest.t29 (0 ms)
[ RUN      ] EncryptorTest.t158
[       OK ] EncryptorTest.t158 (1 ms)
[ RUN      ] EncryptorTest.t159
[       OK ] EncryptorTest.t159 (1 ms)
[ RUN      ] EncryptorTest.t30
[       OK ] EncryptorTest.t30 (0 ms)
[ RUN      ] EncryptorTest.t31
[       OK ] EncryptorTest.t31 (1 ms)
[ RUN      ] EncryptorTest.t32
/home/fivosts/Repos/SEAL/native/tests/seal/encryptor.cpp:970: Failure
Expected equality of these values:
  0x12345678ULL
    Which is: 305419896
  encoder.decode_uint64(plain)
    Which is: 0
[  FAILED  ] EncryptorTest.t32 (1 ms)
[ RUN      ] EncryptorTest.t33
[       OK ] EncryptorTest.t33 (2 ms)
[ RUN      ] EncryptorTest.t34
[       OK ] EncryptorTest.t34 (1 ms)
[ RUN      ] EncryptorTest.t35
[       OK ] EncryptorTest.t35 (1 ms)
[ RUN      ] EncryptorTest.t36
/home/fivosts/Repos/SEAL/native/tests/seal/encryptor.cpp:1072: Failure
Expected equality of these values:
  1ULL
    Which is: 1
  encoder.decode_uint64(plain)
    Which is: 0
[  FAILED  ] EncryptorTest.t36 (1 ms)
[ RUN      ] EncryptorTest.t37
[       OK ] EncryptorTest.t37 (1 ms)
[ RUN      ] EncryptorTest.t38
/home/fivosts/Repos/SEAL/native/tests/seal/encryptor.cpp:1122: Failure
Expected equality of these values:
  2ULL
    Which is: 2
  encoder.decode_uint64(plain)
    Which is: 0
[  FAILED  ] EncryptorTest.t38 (2 ms)
[ RUN      ] EncryptorTest.t39
/home/fivosts/Repos/SEAL/native/tests/seal/encryptor.cpp:1149: Failure
Expected equality of these values:
  2ULL
    Which is: 2
  encoder.decode_uint64(plain)
    Which is: 0
[  FAILED  ] EncryptorTest.t39 (1 ms)
[ RUN      ] EncryptorTest.t40
/home/fivosts/Repos/SEAL/native/tests/seal/encryptor.cpp:1175: Failure
Expected equality of these values:
  0x7FFFFFFFFFFFFFFDULL
    Which is: 9223372036854775805
  encoder.decode_uint64(plain)
    Which is: 0
[  FAILED  ] EncryptorTest.t40 (1 ms)
[ RUN      ] EncryptorTest.t41
[       OK ] EncryptorTest.t41 (1 ms)
[ RUN      ] EncryptorTest.t42
/home/fivosts/Repos/SEAL/native/tests/seal/encryptor.cpp:1228: Failure
Expected equality of these values:
  0x7FFFFFFFFFFFFFFEULL
    Which is: 9223372036854775806
  encoder.decode_uint64(plain)
    Which is: 0
[  FAILED  ] EncryptorTest.t42 (2 ms)
[ RUN      ] EncryptorTest.t43
[       OK ] EncryptorTest.t43 (1 ms)
[ RUN      ] EncryptorTest.t160
/home/fivosts/Repos/SEAL/native/tests/seal/encryptor.cpp:1279: Failure
Expected equality of these values:
  0x7FFFFFFFFFFFFFFFULL
    Which is: 9223372036854775807
  encoder.decode_uint64(plain)
    Which is: 0
[  FAILED  ] EncryptorTest.t160 (1 ms)
[ RUN      ] EncryptorTest.t161
[       OK ] EncryptorTest.t161 (1 ms)
[ RUN      ] EncryptorTest.t44
/home/fivosts/Repos/SEAL/native/tests/seal/encryptor.cpp:1329: Failure
Expected equality of these values:
  0xFFFFFFFFFFFFFFFFULL
    Which is: 18446744073709551615
  encoder.decode_uint64(plain)
    Which is: 0
[  FAILED  ] EncryptorTest.t44 (1 ms)
[ RUN      ] EncryptorTest.t45
[       OK ] EncryptorTest.t45 (1 ms)
[ RUN      ] EncryptorTest.t46
/home/fivosts/Repos/SEAL/native/tests/seal/encryptor.cpp:1380: Failure
Expected equality of these values:
  314159265ULL
    Which is: 314159265
  encoder.decode_uint64(plain)
    Which is: 0
[  FAILED  ] EncryptorTest.t46 (2 ms)
[ RUN      ] EncryptorTest.t47
[       OK ] EncryptorTest.t47 (1 ms)
[ RUN      ] EncryptorTest.t48
/home/fivosts/Repos/SEAL/native/tests/seal/encryptor.cpp:1437: Failure
Expected equality of these values:
  314159265ULL
    Which is: 314159265
  encoder.decode_uint64(plain)
    Which is: 0
[  FAILED  ] EncryptorTest.t48 (1 ms)
[ RUN      ] EncryptorTest.t49
[       OK ] EncryptorTest.t49 (1 ms)
[ RUN      ] EncryptorTest.t50
/home/fivosts/Repos/SEAL/native/tests/seal/encryptor.cpp:1495: Failure
Expected equality of these values:
  314159265ULL
    Which is: 314159265
  encoder.decode_uint64(plain)
    Which is: 0
[  FAILED  ] EncryptorTest.t50 (2 ms)
[ RUN      ] EncryptorTest.t51
[       OK ] EncryptorTest.t51 (2 ms)
[ RUN      ] EncryptorTest.t52
[       OK ] EncryptorTest.t52 (0 ms)
[ RUN      ] EncryptorTest.t53
[       OK ] EncryptorTest.t53 (1 ms)
[ RUN      ] EncryptorTest.t54
[       OK ] EncryptorTest.t54 (1 ms)
[ RUN      ] EncryptorTest.t55
[       OK ] EncryptorTest.t55 (0 ms)
[ RUN      ] EncryptorTest.t56
[       OK ] EncryptorTest.t56 (1 ms)
[ RUN      ] EncryptorTest.t57
[       OK ] EncryptorTest.t57 (1 ms)
[ RUN      ] EncryptorTest.t58
[       OK ] EncryptorTest.t58 (0 ms)
[ RUN      ] EncryptorTest.t59
[       OK ] EncryptorTest.t59 (1 ms)
[ RUN      ] EncryptorTest.t60
[       OK ] EncryptorTest.t60 (0 ms)
[ RUN      ] EncryptorTest.t61
[       OK ] EncryptorTest.t61 (1 ms)
[ RUN      ] EncryptorTest.t62
[       OK ] EncryptorTest.t62 (0 ms)
[ RUN      ] EncryptorTest.t63
[       OK ] EncryptorTest.t63 (1 ms)
[ RUN      ] EncryptorTest.t64
[       OK ] EncryptorTest.t64 (1 ms)
[ RUN      ] EncryptorTest.t65
[       OK ] EncryptorTest.t65 (0 ms)
[ RUN      ] EncryptorTest.t66
[       OK ] EncryptorTest.t66 (1 ms)
[ RUN      ] EncryptorTest.t67
[       OK ] EncryptorTest.t67 (0 ms)
[ RUN      ] EncryptorTest.t68
[       OK ] EncryptorTest.t68 (1 ms)
[ RUN      ] EncryptorTest.t69
[       OK ] EncryptorTest.t69 (1 ms)
[ RUN      ] EncryptorTest.t70
[       OK ] EncryptorTest.t70 (1 ms)
[ RUN      ] EncryptorTest.t71
[       OK ] EncryptorTest.t71 (0 ms)
[ RUN      ] EncryptorTest.t72
[       OK ] EncryptorTest.t72 (1 ms)
[ RUN      ] EncryptorTest.t73
[       OK ] EncryptorTest.t73 (1 ms)
[ RUN      ] EncryptorTest.t74
[       OK ] EncryptorTest.t74 (1 ms)
[ RUN      ] EncryptorTest.t75
[       OK ] EncryptorTest.t75 (1 ms)
[ RUN      ] EncryptorTest.t76
[       OK ] EncryptorTest.t76 (0 ms)
[ RUN      ] EncryptorTest.t77
[       OK ] EncryptorTest.t77 (1 ms)
[ RUN      ] EncryptorTest.t78
[       OK ] EncryptorTest.t78 (1 ms)
[ RUN      ] EncryptorTest.t79
[       OK ] EncryptorTest.t79 (0 ms)
[ RUN      ] EncryptorTest.t80
[       OK ] EncryptorTest.t80 (1 ms)
[ RUN      ] EncryptorTest.t81
[       OK ] EncryptorTest.t81 (1 ms)
[ RUN      ] EncryptorTest.t82
[       OK ] EncryptorTest.t82 (0 ms)
[ RUN      ] EncryptorTest.t83
[       OK ] EncryptorTest.t83 (1 ms)
[ RUN      ] EncryptorTest.t84
[       OK ] EncryptorTest.t84 (1 ms)
[ RUN      ] EncryptorTest.t85
[       OK ] EncryptorTest.t85 (1 ms)
[ RUN      ] EncryptorTest.t86
[       OK ] EncryptorTest.t86 (0 ms)
[ RUN      ] EncryptorTest.t87
[       OK ] EncryptorTest.t87 (1 ms)
[ RUN      ] EncryptorTest.t88
[       OK ] EncryptorTest.t88 (1 ms)
[ RUN      ] EncryptorTest.t89
[       OK ] EncryptorTest.t89 (0 ms)
[ RUN      ] EncryptorTest.t90
[       OK ] EncryptorTest.t90 (1 ms)
[ RUN      ] EncryptorTest.t91
[       OK ] EncryptorTest.t91 (1 ms)
[ RUN      ] EncryptorTest.t92
[       OK ] EncryptorTest.t92 (1 ms)
[ RUN      ] EncryptorTest.t93
[       OK ] EncryptorTest.t93 (1 ms)
[ RUN      ] EncryptorTest.t94
[       OK ] EncryptorTest.t94 (1 ms)
[ RUN      ] EncryptorTest.t95
[       OK ] EncryptorTest.t95 (1 ms)
[ RUN      ] EncryptorTest.t96
[       OK ] EncryptorTest.t96 (1 ms)
[ RUN      ] EncryptorTest.t97
[       OK ] EncryptorTest.t97 (1 ms)
[ RUN      ] EncryptorTest.t98
[       OK ] EncryptorTest.t98 (2 ms)
[ RUN      ] EncryptorTest.t99
[       OK ] EncryptorTest.t99 (1 ms)
[ RUN      ] EncryptorTest.t100
[       OK ] EncryptorTest.t100 (2 ms)
[ RUN      ] EncryptorTest.t101
[       OK ] EncryptorTest.t101 (1 ms)
[ RUN      ] EncryptorTest.t102
[       OK ] EncryptorTest.t102 (1 ms)
[ RUN      ] EncryptorTest.t103
[       OK ] EncryptorTest.t103 (0 ms)
[ RUN      ] EncryptorTest.t104
[       OK ] EncryptorTest.t104 (1 ms)
[ RUN      ] EncryptorTest.t105
[       OK ] EncryptorTest.t105 (1 ms)
[ RUN      ] EncryptorTest.t106
[       OK ] EncryptorTest.t106 (0 ms)
[ RUN      ] EncryptorTest.t107
[       OK ] EncryptorTest.t107 (1 ms)
[ RUN      ] EncryptorTest.t108
[       OK ] EncryptorTest.t108 (1 ms)
[ RUN      ] EncryptorTest.t109
[       OK ] EncryptorTest.t109 (0 ms)
[ RUN      ] EncryptorTest.t110
[       OK ] EncryptorTest.t110 (1 ms)
[ RUN      ] EncryptorTest.t111
[       OK ] EncryptorTest.t111 (1 ms)
[ RUN      ] EncryptorTest.t112
[       OK ] EncryptorTest.t112 (0 ms)
[ RUN      ] EncryptorTest.t113
[       OK ] EncryptorTest.t113 (1 ms)
[ RUN      ] EncryptorTest.t114
[       OK ] EncryptorTest.t114 (1 ms)
[ RUN      ] EncryptorTest.t115
[       OK ] EncryptorTest.t115 (0 ms)
[ RUN      ] EncryptorTest.t116
[       OK ] EncryptorTest.t116 (1 ms)
[ RUN      ] EncryptorTest.t117
[       OK ] EncryptorTest.t117 (0 ms)
[ RUN      ] EncryptorTest.t118
[       OK ] EncryptorTest.t118 (1 ms)
[ RUN      ] EncryptorTest.t119
[       OK ] EncryptorTest.t119 (1 ms)
[ RUN      ] EncryptorTest.t120
[       OK ] EncryptorTest.t120 (1 ms)
[ RUN      ] EncryptorTest.t121
[       OK ] EncryptorTest.t121 (1 ms)
[ RUN      ] EncryptorTest.t122
[       OK ] EncryptorTest.t122 (0 ms)
[ RUN      ] EncryptorTest.t123
[       OK ] EncryptorTest.t123 (1 ms)
[ RUN      ] EncryptorTest.t124
[       OK ] EncryptorTest.t124 (1 ms)
[ RUN      ] EncryptorTest.t125
[       OK ] EncryptorTest.t125 (1 ms)
[ RUN      ] EncryptorTest.t126
[       OK ] EncryptorTest.t126 (1 ms)
[ RUN      ] EncryptorTest.t127
[       OK ] EncryptorTest.t127 (1 ms)
[ RUN      ] EncryptorTest.t128
[       OK ] EncryptorTest.t128 (2 ms)
[ RUN      ] EncryptorTest.t129
[       OK ] EncryptorTest.t129 (1 ms)
[ RUN      ] EncryptorTest.t130
[       OK ] EncryptorTest.t130 (1 ms)
[ RUN      ] EncryptorTest.t131
[       OK ] EncryptorTest.t131 (2 ms)
[ RUN      ] EncryptorTest.t132
[       OK ] EncryptorTest.t132 (1 ms)
[ RUN      ] EncryptorTest.t133
[       OK ] EncryptorTest.t133 (2 ms)
[ RUN      ] EncryptorTest.t134
[       OK ] EncryptorTest.t134 (1 ms)
[ RUN      ] EncryptorTest.t135
[       OK ] EncryptorTest.t135 (2 ms)
[ RUN      ] EncryptorTest.t136
[       OK ] EncryptorTest.t136 (1 ms)
[ RUN      ] EncryptorTest.t137
[       OK ] EncryptorTest.t137 (2 ms)
[ RUN      ] EncryptorTest.t138
[       OK ] EncryptorTest.t138 (0 ms)
[ RUN      ] EncryptorTest.t139
[       OK ] EncryptorTest.t139 (1 ms)
[ RUN      ] EncryptorTest.t140
[       OK ] EncryptorTest.t140 (1 ms)
[ RUN      ] EncryptorTest.t141
[       OK ] EncryptorTest.t141 (1 ms)
[ RUN      ] EncryptorTest.t142
[       OK ] EncryptorTest.t142 (16 ms)
[ RUN      ] EncryptorTest.t143
[       OK ] EncryptorTest.t143 (22 ms)
[ RUN      ] EncryptorTest.t144
[       OK ] EncryptorTest.t144 (16 ms)
[ RUN      ] EncryptorTest.t145
[       OK ] EncryptorTest.t145 (23 ms)
[ RUN      ] EncryptorTest.t146
[       OK ] EncryptorTest.t146 (1 ms)
[ RUN      ] EncryptorTest.t147
[       OK ] EncryptorTest.t147 (0 ms)
[ RUN      ] EncryptorTest.t148
[       OK ] EncryptorTest.t148 (1 ms)
[ RUN      ] EncryptorTest.t149
[       OK ] EncryptorTest.t149 (1 ms)
[ RUN      ] EncryptorTest.t150
[       OK ] EncryptorTest.t150 (0 ms)
[ RUN      ] EncryptorTest.t151
[       OK ] EncryptorTest.t151 (1 ms)
[ RUN      ] EncryptorTest.t152
[       OK ] EncryptorTest.t152 (1 ms)
[ RUN      ] EncryptorTest.t153
[       OK ] EncryptorTest.t153 (1 ms)
[ RUN      ] EncryptorTest.t154
[       OK ] EncryptorTest.t154 (1 ms)
[ RUN      ] EncryptorTest.t155
[       OK ] EncryptorTest.t155 (1 ms)
[----------] 162 tests from EncryptorTest (207 ms total)

[----------] Global test environment tear-down
[==========] 162 tests from 1 test suite ran. (207 ms total)
[  PASSED  ] 151 tests.
[  FAILED  ] 11 tests, listed below:
[  FAILED  ] EncryptorTest.t32
[  FAILED  ] EncryptorTest.t36
[  FAILED  ] EncryptorTest.t38
[  FAILED  ] EncryptorTest.t39
[  FAILED  ] EncryptorTest.t40
[  FAILED  ] EncryptorTest.t42
[  FAILED  ] EncryptorTest.t160
[  FAILED  ] EncryptorTest.t44
[  FAILED  ] EncryptorTest.t46
[  FAILED  ] EncryptorTest.t48
[  FAILED  ] EncryptorTest.t50

11 FAILED TESTS
